{"D:\\Projects\\file_watcher_data_pipeline\\src\\api\\appointment\\appointment.controller.ts": {"path":"D:\\Projects\\file_watcher_data_pipeline\\src\\api\\appointment\\appointment.controller.ts","statementMap":{"0":{"start":{"line":1,"column":0},"end":{"line":1,"column":83}},"1":{"start":{"line":2,"column":0},"end":{"line":2,"column":59}},"2":{"start":{"line":3,"column":0},"end":{"line":3,"column":83}},"3":{"start":{"line":6,"column":7},"end":{"line":33,"column":null}},"4":{"start":{"line":7,"column":31},"end":{"line":7,"column":40}},"5":{"start":{"line":11,"column":4},"end":{"line":11,"column":37}},"6":{"start":{"line":16,"column":4},"end":{"line":16,"column":34}},"7":{"start":{"line":21,"column":4},"end":{"line":21,"column":36}},"8":{"start":{"line":26,"column":4},"end":{"line":26,"column":41}},"9":{"start":{"line":31,"column":4},"end":{"line":31,"column":35}},"10":{"start":{"line":6,"column":13},"end":{"line":6,"column":34}},"11":{"start":{"line":10,"column":2},"end":{"line":12,"column":null}},"12":{"start":{"line":15,"column":2},"end":{"line":17,"column":null}},"13":{"start":{"line":20,"column":2},"end":{"line":22,"column":null}},"14":{"start":{"line":25,"column":2},"end":{"line":27,"column":null}},"15":{"start":{"line":30,"column":2},"end":{"line":32,"column":null}},"16":{"start":{"line":6,"column":13},"end":{"line":33,"column":null}}},"fnMap":{"0":{"name":"(anonymous_4)","decl":{"start":{"line":7,"column":2},"end":{"line":7,"column":31}},"loc":{"start":{"line":7,"column":58},"end":{"line":7,"column":62}}},"1":{"name":"(anonymous_5)","decl":{"start":{"line":10,"column":2},"end":{"line":10,"column":8}},"loc":{"start":{"line":10,"column":43},"end":{"line":12,"column":3}}},"2":{"name":"(anonymous_6)","decl":{"start":{"line":15,"column":2},"end":{"line":15,"column":9}},"loc":{"start":{"line":15,"column":9},"end":{"line":17,"column":3}}},"3":{"name":"(anonymous_7)","decl":{"start":{"line":20,"column":2},"end":{"line":20,"column":9}},"loc":{"start":{"line":20,"column":33},"end":{"line":22,"column":3}}},"4":{"name":"(anonymous_8)","decl":{"start":{"line":25,"column":2},"end":{"line":25,"column":8}},"loc":{"start":{"line":25,"column":68},"end":{"line":27,"column":3}}},"5":{"name":"(anonymous_9)","decl":{"start":{"line":30,"column":2},"end":{"line":30,"column":8}},"loc":{"start":{"line":30,"column":32},"end":{"line":32,"column":3}}}},"branchMap":{},"s":{"0":1,"1":1,"2":1,"3":1,"4":6,"5":1,"6":1,"7":1,"8":1,"9":1,"10":1,"11":1,"12":1,"13":1,"14":1,"15":1,"16":1},"f":{"0":6,"1":1,"2":1,"3":1,"4":1,"5":1},"b":{}}
,"D:\\Projects\\file_watcher_data_pipeline\\src\\api\\appointment\\appointment.service.ts": {"path":"D:\\Projects\\file_watcher_data_pipeline\\src\\api\\appointment\\appointment.service.ts","statementMap":{"0":{"start":{"line":1,"column":0},"end":{"line":1,"column":44}},"1":{"start":{"line":2,"column":0},"end":{"line":2,"column":60}},"2":{"start":{"line":6,"column":7},"end":{"line":29,"column":null}},"3":{"start":{"line":7,"column":22},"end":{"line":7,"column":30}},"4":{"start":{"line":10,"column":4},"end":{"line":10,"column":59}},"5":{"start":{"line":14,"column":4},"end":{"line":14,"column":46}},"6":{"start":{"line":18,"column":4},"end":{"line":18,"column":38}},"7":{"start":{"line":18,"column":26},"end":{"line":18,"column":38}},"8":{"start":{"line":19,"column":4},"end":{"line":19,"column":120}},"9":{"start":{"line":23,"column":4},"end":{"line":23,"column":122}},"10":{"start":{"line":27,"column":4},"end":{"line":27,"column":116}},"11":{"start":{"line":6,"column":13},"end":{"line":6,"column":31}},"12":{"start":{"line":6,"column":13},"end":{"line":29,"column":null}}},"fnMap":{"0":{"name":"(anonymous_2)","decl":{"start":{"line":7,"column":2},"end":{"line":7,"column":22}},"loc":{"start":{"line":7,"column":43},"end":{"line":7,"column":47}}},"1":{"name":"(anonymous_3)","decl":{"start":{"line":9,"column":2},"end":{"line":9,"column":8}},"loc":{"start":{"line":9,"column":35},"end":{"line":11,"column":3}}},"2":{"name":"(anonymous_4)","decl":{"start":{"line":13,"column":2},"end":{"line":13,"column":9}},"loc":{"start":{"line":13,"column":9},"end":{"line":15,"column":3}}},"3":{"name":"(anonymous_5)","decl":{"start":{"line":17,"column":2},"end":{"line":17,"column":9}},"loc":{"start":{"line":17,"column":17},"end":{"line":20,"column":3}}},"4":{"name":"(anonymous_6)","decl":{"start":{"line":22,"column":2},"end":{"line":22,"column":8}},"loc":{"start":{"line":22,"column":44},"end":{"line":24,"column":3}}},"5":{"name":"(anonymous_7)","decl":{"start":{"line":26,"column":2},"end":{"line":26,"column":8}},"loc":{"start":{"line":26,"column":16},"end":{"line":28,"column":3}}}},"branchMap":{"0":{"loc":{"start":{"line":18,"column":4},"end":{"line":18,"column":38}},"type":"if","locations":[{"start":{"line":18,"column":4},"end":{"line":18,"column":38}},{"start":{},"end":{}}]},"1":{"loc":{"start":{"line":19,"column":61},"end":{"line":19,"column":107}},"type":"cond-expr","locations":[{"start":{"line":19,"column":81},"end":{"line":19,"column":94}},{"start":{"line":19,"column":97},"end":{"line":19,"column":107}}]},"2":{"loc":{"start":{"line":23,"column":57},"end":{"line":23,"column":103}},"type":"cond-expr","locations":[{"start":{"line":23,"column":77},"end":{"line":23,"column":90}},{"start":{"line":23,"column":93},"end":{"line":23,"column":103}}]},"3":{"loc":{"start":{"line":27,"column":57},"end":{"line":27,"column":103}},"type":"cond-expr","locations":[{"start":{"line":27,"column":77},"end":{"line":27,"column":90}},{"start":{"line":27,"column":93},"end":{"line":27,"column":103}}]}},"s":{"0":2,"1":2,"2":2,"3":6,"4":1,"5":1,"6":1,"7":0,"8":1,"9":1,"10":1,"11":2,"12":2},"f":{"0":6,"1":1,"2":1,"3":1,"4":1,"5":1},"b":{"0":[0,1],"1":[0,1],"2":[0,1],"3":[0,1]}}
,"D:\\Projects\\file_watcher_data_pipeline\\src\\api\\appointment-reason\\appointment-reason.controller.ts": {"path":"D:\\Projects\\file_watcher_data_pipeline\\src\\api\\appointment-reason\\appointment-reason.controller.ts","statementMap":{"0":{"start":{"line":1,"column":0},"end":{"line":1,"column":83}},"1":{"start":{"line":2,"column":0},"end":{"line":2,"column":72}},"2":{"start":{"line":3,"column":0},"end":{"line":3,"column":102}},"3":{"start":{"line":6,"column":7},"end":{"line":33,"column":null}},"4":{"start":{"line":7,"column":31},"end":{"line":7,"column":40}},"5":{"start":{"line":11,"column":4},"end":{"line":11,"column":37}},"6":{"start":{"line":16,"column":4},"end":{"line":16,"column":34}},"7":{"start":{"line":21,"column":4},"end":{"line":21,"column":36}},"8":{"start":{"line":26,"column":4},"end":{"line":26,"column":41}},"9":{"start":{"line":31,"column":4},"end":{"line":31,"column":35}},"10":{"start":{"line":6,"column":13},"end":{"line":6,"column":40}},"11":{"start":{"line":10,"column":2},"end":{"line":12,"column":null}},"12":{"start":{"line":15,"column":2},"end":{"line":17,"column":null}},"13":{"start":{"line":20,"column":2},"end":{"line":22,"column":null}},"14":{"start":{"line":25,"column":2},"end":{"line":27,"column":null}},"15":{"start":{"line":30,"column":2},"end":{"line":32,"column":null}},"16":{"start":{"line":6,"column":13},"end":{"line":33,"column":null}}},"fnMap":{"0":{"name":"(anonymous_4)","decl":{"start":{"line":7,"column":2},"end":{"line":7,"column":31}},"loc":{"start":{"line":7,"column":64},"end":{"line":7,"column":68}}},"1":{"name":"(anonymous_5)","decl":{"start":{"line":10,"column":2},"end":{"line":10,"column":8}},"loc":{"start":{"line":10,"column":49},"end":{"line":12,"column":3}}},"2":{"name":"(anonymous_6)","decl":{"start":{"line":15,"column":2},"end":{"line":15,"column":9}},"loc":{"start":{"line":15,"column":9},"end":{"line":17,"column":3}}},"3":{"name":"(anonymous_7)","decl":{"start":{"line":20,"column":2},"end":{"line":20,"column":9}},"loc":{"start":{"line":20,"column":33},"end":{"line":22,"column":3}}},"4":{"name":"(anonymous_8)","decl":{"start":{"line":25,"column":2},"end":{"line":25,"column":8}},"loc":{"start":{"line":25,"column":74},"end":{"line":27,"column":3}}},"5":{"name":"(anonymous_9)","decl":{"start":{"line":30,"column":2},"end":{"line":30,"column":8}},"loc":{"start":{"line":30,"column":32},"end":{"line":32,"column":3}}}},"branchMap":{},"s":{"0":1,"1":1,"2":1,"3":1,"4":6,"5":1,"6":1,"7":1,"8":1,"9":1,"10":1,"11":1,"12":1,"13":1,"14":1,"15":1,"16":1},"f":{"0":6,"1":1,"2":1,"3":1,"4":1,"5":1},"b":{}}
,"D:\\Projects\\file_watcher_data_pipeline\\src\\api\\appointment-reason\\appointment-reason.service.ts": {"path":"D:\\Projects\\file_watcher_data_pipeline\\src\\api\\appointment-reason\\appointment-reason.service.ts","statementMap":{"0":{"start":{"line":1,"column":0},"end":{"line":1,"column":44}},"1":{"start":{"line":2,"column":0},"end":{"line":2,"column":60}},"2":{"start":{"line":6,"column":7},"end":{"line":29,"column":null}},"3":{"start":{"line":7,"column":22},"end":{"line":7,"column":30}},"4":{"start":{"line":10,"column":4},"end":{"line":10,"column":65}},"5":{"start":{"line":14,"column":4},"end":{"line":14,"column":52}},"6":{"start":{"line":18,"column":4},"end":{"line":18,"column":38}},"7":{"start":{"line":18,"column":26},"end":{"line":18,"column":38}},"8":{"start":{"line":19,"column":4},"end":{"line":19,"column":126}},"9":{"start":{"line":23,"column":4},"end":{"line":23,"column":128}},"10":{"start":{"line":27,"column":4},"end":{"line":27,"column":122}},"11":{"start":{"line":6,"column":13},"end":{"line":6,"column":37}},"12":{"start":{"line":6,"column":13},"end":{"line":29,"column":null}}},"fnMap":{"0":{"name":"(anonymous_2)","decl":{"start":{"line":7,"column":2},"end":{"line":7,"column":22}},"loc":{"start":{"line":7,"column":43},"end":{"line":7,"column":47}}},"1":{"name":"(anonymous_3)","decl":{"start":{"line":9,"column":2},"end":{"line":9,"column":8}},"loc":{"start":{"line":9,"column":41},"end":{"line":11,"column":3}}},"2":{"name":"(anonymous_4)","decl":{"start":{"line":13,"column":2},"end":{"line":13,"column":9}},"loc":{"start":{"line":13,"column":9},"end":{"line":15,"column":3}}},"3":{"name":"(anonymous_5)","decl":{"start":{"line":17,"column":2},"end":{"line":17,"column":9}},"loc":{"start":{"line":17,"column":17},"end":{"line":20,"column":3}}},"4":{"name":"(anonymous_6)","decl":{"start":{"line":22,"column":2},"end":{"line":22,"column":8}},"loc":{"start":{"line":22,"column":50},"end":{"line":24,"column":3}}},"5":{"name":"(anonymous_7)","decl":{"start":{"line":26,"column":2},"end":{"line":26,"column":8}},"loc":{"start":{"line":26,"column":16},"end":{"line":28,"column":3}}}},"branchMap":{"0":{"loc":{"start":{"line":18,"column":4},"end":{"line":18,"column":38}},"type":"if","locations":[{"start":{"line":18,"column":4},"end":{"line":18,"column":38}},{"start":{},"end":{}}]},"1":{"loc":{"start":{"line":19,"column":67},"end":{"line":19,"column":113}},"type":"cond-expr","locations":[{"start":{"line":19,"column":87},"end":{"line":19,"column":100}},{"start":{"line":19,"column":103},"end":{"line":19,"column":113}}]},"2":{"loc":{"start":{"line":23,"column":63},"end":{"line":23,"column":109}},"type":"cond-expr","locations":[{"start":{"line":23,"column":83},"end":{"line":23,"column":96}},{"start":{"line":23,"column":99},"end":{"line":23,"column":109}}]},"3":{"loc":{"start":{"line":27,"column":63},"end":{"line":27,"column":109}},"type":"cond-expr","locations":[{"start":{"line":27,"column":83},"end":{"line":27,"column":96}},{"start":{"line":27,"column":99},"end":{"line":27,"column":109}}]}},"s":{"0":2,"1":2,"2":2,"3":6,"4":1,"5":1,"6":1,"7":0,"8":1,"9":1,"10":1,"11":2,"12":2},"f":{"0":6,"1":1,"2":1,"3":1,"4":1,"5":1},"b":{"0":[0,1],"1":[0,1],"2":[0,1],"3":[0,1]}}
,"D:\\Projects\\file_watcher_data_pipeline\\src\\api\\appointment-status-audit\\appointment-status-audit.controller.ts": {"path":"D:\\Projects\\file_watcher_data_pipeline\\src\\api\\appointment-status-audit\\appointment-status-audit.controller.ts","statementMap":{"0":{"start":{"line":1,"column":0},"end":{"line":1,"column":83}},"1":{"start":{"line":2,"column":0},"end":{"line":2,"column":83}},"2":{"start":{"line":3,"column":0},"end":{"line":3,"column":118}},"3":{"start":{"line":6,"column":7},"end":{"line":33,"column":null}},"4":{"start":{"line":7,"column":31},"end":{"line":7,"column":40}},"5":{"start":{"line":11,"column":4},"end":{"line":11,"column":37}},"6":{"start":{"line":16,"column":4},"end":{"line":16,"column":34}},"7":{"start":{"line":21,"column":4},"end":{"line":21,"column":36}},"8":{"start":{"line":26,"column":4},"end":{"line":26,"column":41}},"9":{"start":{"line":31,"column":4},"end":{"line":31,"column":35}},"10":{"start":{"line":6,"column":13},"end":{"line":6,"column":45}},"11":{"start":{"line":10,"column":2},"end":{"line":12,"column":null}},"12":{"start":{"line":15,"column":2},"end":{"line":17,"column":null}},"13":{"start":{"line":20,"column":2},"end":{"line":22,"column":null}},"14":{"start":{"line":25,"column":2},"end":{"line":27,"column":null}},"15":{"start":{"line":30,"column":2},"end":{"line":32,"column":null}},"16":{"start":{"line":6,"column":13},"end":{"line":33,"column":null}}},"fnMap":{"0":{"name":"(anonymous_4)","decl":{"start":{"line":7,"column":2},"end":{"line":7,"column":31}},"loc":{"start":{"line":7,"column":69},"end":{"line":7,"column":73}}},"1":{"name":"(anonymous_5)","decl":{"start":{"line":10,"column":2},"end":{"line":10,"column":8}},"loc":{"start":{"line":10,"column":54},"end":{"line":12,"column":3}}},"2":{"name":"(anonymous_6)","decl":{"start":{"line":15,"column":2},"end":{"line":15,"column":9}},"loc":{"start":{"line":15,"column":9},"end":{"line":17,"column":3}}},"3":{"name":"(anonymous_7)","decl":{"start":{"line":20,"column":2},"end":{"line":20,"column":9}},"loc":{"start":{"line":20,"column":33},"end":{"line":22,"column":3}}},"4":{"name":"(anonymous_8)","decl":{"start":{"line":25,"column":2},"end":{"line":25,"column":8}},"loc":{"start":{"line":25,"column":79},"end":{"line":27,"column":3}}},"5":{"name":"(anonymous_9)","decl":{"start":{"line":30,"column":2},"end":{"line":30,"column":8}},"loc":{"start":{"line":30,"column":32},"end":{"line":32,"column":3}}}},"branchMap":{},"s":{"0":1,"1":1,"2":1,"3":1,"4":6,"5":1,"6":1,"7":1,"8":1,"9":1,"10":1,"11":1,"12":1,"13":1,"14":1,"15":1,"16":1},"f":{"0":6,"1":1,"2":1,"3":1,"4":1,"5":1},"b":{}}
,"D:\\Projects\\file_watcher_data_pipeline\\src\\api\\appointment-status-audit\\appointment-status-audit.service.ts": {"path":"D:\\Projects\\file_watcher_data_pipeline\\src\\api\\appointment-status-audit\\appointment-status-audit.service.ts","statementMap":{"0":{"start":{"line":1,"column":0},"end":{"line":1,"column":44}},"1":{"start":{"line":2,"column":0},"end":{"line":2,"column":60}},"2":{"start":{"line":6,"column":7},"end":{"line":29,"column":null}},"3":{"start":{"line":7,"column":22},"end":{"line":7,"column":30}},"4":{"start":{"line":10,"column":4},"end":{"line":10,"column":70}},"5":{"start":{"line":14,"column":4},"end":{"line":14,"column":57}},"6":{"start":{"line":18,"column":4},"end":{"line":18,"column":38}},"7":{"start":{"line":18,"column":26},"end":{"line":18,"column":38}},"8":{"start":{"line":19,"column":4},"end":{"line":19,"column":131}},"9":{"start":{"line":23,"column":4},"end":{"line":23,"column":133}},"10":{"start":{"line":27,"column":4},"end":{"line":27,"column":127}},"11":{"start":{"line":6,"column":13},"end":{"line":6,"column":42}},"12":{"start":{"line":6,"column":13},"end":{"line":29,"column":null}}},"fnMap":{"0":{"name":"(anonymous_2)","decl":{"start":{"line":7,"column":2},"end":{"line":7,"column":22}},"loc":{"start":{"line":7,"column":43},"end":{"line":7,"column":47}}},"1":{"name":"(anonymous_3)","decl":{"start":{"line":9,"column":2},"end":{"line":9,"column":8}},"loc":{"start":{"line":9,"column":46},"end":{"line":11,"column":3}}},"2":{"name":"(anonymous_4)","decl":{"start":{"line":13,"column":2},"end":{"line":13,"column":9}},"loc":{"start":{"line":13,"column":9},"end":{"line":15,"column":3}}},"3":{"name":"(anonymous_5)","decl":{"start":{"line":17,"column":2},"end":{"line":17,"column":9}},"loc":{"start":{"line":17,"column":17},"end":{"line":20,"column":3}}},"4":{"name":"(anonymous_6)","decl":{"start":{"line":22,"column":2},"end":{"line":22,"column":8}},"loc":{"start":{"line":22,"column":55},"end":{"line":24,"column":3}}},"5":{"name":"(anonymous_7)","decl":{"start":{"line":26,"column":2},"end":{"line":26,"column":8}},"loc":{"start":{"line":26,"column":16},"end":{"line":28,"column":3}}}},"branchMap":{"0":{"loc":{"start":{"line":18,"column":4},"end":{"line":18,"column":38}},"type":"if","locations":[{"start":{"line":18,"column":4},"end":{"line":18,"column":38}},{"start":{},"end":{}}]},"1":{"loc":{"start":{"line":19,"column":72},"end":{"line":19,"column":118}},"type":"cond-expr","locations":[{"start":{"line":19,"column":92},"end":{"line":19,"column":105}},{"start":{"line":19,"column":108},"end":{"line":19,"column":118}}]},"2":{"loc":{"start":{"line":23,"column":68},"end":{"line":23,"column":114}},"type":"cond-expr","locations":[{"start":{"line":23,"column":88},"end":{"line":23,"column":101}},{"start":{"line":23,"column":104},"end":{"line":23,"column":114}}]},"3":{"loc":{"start":{"line":27,"column":68},"end":{"line":27,"column":114}},"type":"cond-expr","locations":[{"start":{"line":27,"column":88},"end":{"line":27,"column":101}},{"start":{"line":27,"column":104},"end":{"line":27,"column":114}}]}},"s":{"0":2,"1":2,"2":2,"3":6,"4":1,"5":1,"6":1,"7":0,"8":1,"9":1,"10":1,"11":2,"12":2},"f":{"0":6,"1":1,"2":1,"3":1,"4":1,"5":1},"b":{"0":[0,1],"1":[0,1],"2":[0,1],"3":[0,1]}}
,"D:\\Projects\\file_watcher_data_pipeline\\src\\api\\appointment-type\\appointment-type.controller.ts": {"path":"D:\\Projects\\file_watcher_data_pipeline\\src\\api\\appointment-type\\appointment-type.controller.ts","statementMap":{"0":{"start":{"line":1,"column":0},"end":{"line":1,"column":83}},"1":{"start":{"line":2,"column":0},"end":{"line":2,"column":68}},"2":{"start":{"line":3,"column":0},"end":{"line":3,"column":96}},"3":{"start":{"line":6,"column":7},"end":{"line":33,"column":null}},"4":{"start":{"line":7,"column":31},"end":{"line":7,"column":40}},"5":{"start":{"line":11,"column":4},"end":{"line":11,"column":37}},"6":{"start":{"line":16,"column":4},"end":{"line":16,"column":34}},"7":{"start":{"line":21,"column":4},"end":{"line":21,"column":36}},"8":{"start":{"line":26,"column":4},"end":{"line":26,"column":41}},"9":{"start":{"line":31,"column":4},"end":{"line":31,"column":35}},"10":{"start":{"line":6,"column":13},"end":{"line":6,"column":38}},"11":{"start":{"line":10,"column":2},"end":{"line":12,"column":null}},"12":{"start":{"line":15,"column":2},"end":{"line":17,"column":null}},"13":{"start":{"line":20,"column":2},"end":{"line":22,"column":null}},"14":{"start":{"line":25,"column":2},"end":{"line":27,"column":null}},"15":{"start":{"line":30,"column":2},"end":{"line":32,"column":null}},"16":{"start":{"line":6,"column":13},"end":{"line":33,"column":null}}},"fnMap":{"0":{"name":"(anonymous_4)","decl":{"start":{"line":7,"column":2},"end":{"line":7,"column":31}},"loc":{"start":{"line":7,"column":62},"end":{"line":7,"column":66}}},"1":{"name":"(anonymous_5)","decl":{"start":{"line":10,"column":2},"end":{"line":10,"column":8}},"loc":{"start":{"line":10,"column":47},"end":{"line":12,"column":3}}},"2":{"name":"(anonymous_6)","decl":{"start":{"line":15,"column":2},"end":{"line":15,"column":9}},"loc":{"start":{"line":15,"column":9},"end":{"line":17,"column":3}}},"3":{"name":"(anonymous_7)","decl":{"start":{"line":20,"column":2},"end":{"line":20,"column":9}},"loc":{"start":{"line":20,"column":33},"end":{"line":22,"column":3}}},"4":{"name":"(anonymous_8)","decl":{"start":{"line":25,"column":2},"end":{"line":25,"column":8}},"loc":{"start":{"line":25,"column":72},"end":{"line":27,"column":3}}},"5":{"name":"(anonymous_9)","decl":{"start":{"line":30,"column":2},"end":{"line":30,"column":8}},"loc":{"start":{"line":30,"column":32},"end":{"line":32,"column":3}}}},"branchMap":{},"s":{"0":1,"1":1,"2":1,"3":1,"4":6,"5":1,"6":1,"7":1,"8":1,"9":1,"10":1,"11":1,"12":1,"13":1,"14":1,"15":1,"16":1},"f":{"0":6,"1":1,"2":1,"3":1,"4":1,"5":1},"b":{}}
,"D:\\Projects\\file_watcher_data_pipeline\\src\\api\\appointment-type\\appointment-type.service.ts": {"path":"D:\\Projects\\file_watcher_data_pipeline\\src\\api\\appointment-type\\appointment-type.service.ts","statementMap":{"0":{"start":{"line":1,"column":0},"end":{"line":1,"column":44}},"1":{"start":{"line":2,"column":0},"end":{"line":2,"column":60}},"2":{"start":{"line":6,"column":7},"end":{"line":29,"column":null}},"3":{"start":{"line":7,"column":22},"end":{"line":7,"column":30}},"4":{"start":{"line":10,"column":4},"end":{"line":10,"column":63}},"5":{"start":{"line":14,"column":4},"end":{"line":14,"column":50}},"6":{"start":{"line":18,"column":4},"end":{"line":18,"column":38}},"7":{"start":{"line":18,"column":26},"end":{"line":18,"column":38}},"8":{"start":{"line":19,"column":4},"end":{"line":19,"column":124}},"9":{"start":{"line":23,"column":4},"end":{"line":23,"column":126}},"10":{"start":{"line":27,"column":4},"end":{"line":27,"column":120}},"11":{"start":{"line":6,"column":13},"end":{"line":6,"column":35}},"12":{"start":{"line":6,"column":13},"end":{"line":29,"column":null}}},"fnMap":{"0":{"name":"(anonymous_2)","decl":{"start":{"line":7,"column":2},"end":{"line":7,"column":22}},"loc":{"start":{"line":7,"column":43},"end":{"line":7,"column":47}}},"1":{"name":"(anonymous_3)","decl":{"start":{"line":9,"column":2},"end":{"line":9,"column":8}},"loc":{"start":{"line":9,"column":39},"end":{"line":11,"column":3}}},"2":{"name":"(anonymous_4)","decl":{"start":{"line":13,"column":2},"end":{"line":13,"column":9}},"loc":{"start":{"line":13,"column":9},"end":{"line":15,"column":3}}},"3":{"name":"(anonymous_5)","decl":{"start":{"line":17,"column":2},"end":{"line":17,"column":9}},"loc":{"start":{"line":17,"column":17},"end":{"line":20,"column":3}}},"4":{"name":"(anonymous_6)","decl":{"start":{"line":22,"column":2},"end":{"line":22,"column":8}},"loc":{"start":{"line":22,"column":48},"end":{"line":24,"column":3}}},"5":{"name":"(anonymous_7)","decl":{"start":{"line":26,"column":2},"end":{"line":26,"column":8}},"loc":{"start":{"line":26,"column":16},"end":{"line":28,"column":3}}}},"branchMap":{"0":{"loc":{"start":{"line":18,"column":4},"end":{"line":18,"column":38}},"type":"if","locations":[{"start":{"line":18,"column":4},"end":{"line":18,"column":38}},{"start":{},"end":{}}]},"1":{"loc":{"start":{"line":19,"column":65},"end":{"line":19,"column":111}},"type":"cond-expr","locations":[{"start":{"line":19,"column":85},"end":{"line":19,"column":98}},{"start":{"line":19,"column":101},"end":{"line":19,"column":111}}]},"2":{"loc":{"start":{"line":23,"column":61},"end":{"line":23,"column":107}},"type":"cond-expr","locations":[{"start":{"line":23,"column":81},"end":{"line":23,"column":94}},{"start":{"line":23,"column":97},"end":{"line":23,"column":107}}]},"3":{"loc":{"start":{"line":27,"column":61},"end":{"line":27,"column":107}},"type":"cond-expr","locations":[{"start":{"line":27,"column":81},"end":{"line":27,"column":94}},{"start":{"line":27,"column":97},"end":{"line":27,"column":107}}]}},"s":{"0":2,"1":2,"2":2,"3":6,"4":1,"5":1,"6":1,"7":0,"8":1,"9":1,"10":1,"11":2,"12":2},"f":{"0":6,"1":1,"2":1,"3":1,"4":1,"5":1},"b":{"0":[0,1],"1":[0,1],"2":[0,1],"3":[0,1]}}
,"D:\\Projects\\file_watcher_data_pipeline\\src\\api\\client\\client.controller.ts": {"path":"D:\\Projects\\file_watcher_data_pipeline\\src\\api\\client\\client.controller.ts","statementMap":{"0":{"start":{"line":1,"column":0},"end":{"line":1,"column":83}},"1":{"start":{"line":2,"column":0},"end":{"line":2,"column":49}},"2":{"start":{"line":3,"column":0},"end":{"line":3,"column":68}},"3":{"start":{"line":6,"column":7},"end":{"line":33,"column":null}},"4":{"start":{"line":7,"column":31},"end":{"line":7,"column":40}},"5":{"start":{"line":11,"column":4},"end":{"line":11,"column":37}},"6":{"start":{"line":16,"column":4},"end":{"line":16,"column":34}},"7":{"start":{"line":21,"column":4},"end":{"line":21,"column":36}},"8":{"start":{"line":26,"column":4},"end":{"line":26,"column":41}},"9":{"start":{"line":31,"column":4},"end":{"line":31,"column":35}},"10":{"start":{"line":6,"column":13},"end":{"line":6,"column":29}},"11":{"start":{"line":10,"column":2},"end":{"line":12,"column":null}},"12":{"start":{"line":15,"column":2},"end":{"line":17,"column":null}},"13":{"start":{"line":20,"column":2},"end":{"line":22,"column":null}},"14":{"start":{"line":25,"column":2},"end":{"line":27,"column":null}},"15":{"start":{"line":30,"column":2},"end":{"line":32,"column":null}},"16":{"start":{"line":6,"column":13},"end":{"line":33,"column":null}}},"fnMap":{"0":{"name":"(anonymous_4)","decl":{"start":{"line":7,"column":2},"end":{"line":7,"column":31}},"loc":{"start":{"line":7,"column":53},"end":{"line":7,"column":57}}},"1":{"name":"(anonymous_5)","decl":{"start":{"line":10,"column":2},"end":{"line":10,"column":8}},"loc":{"start":{"line":10,"column":38},"end":{"line":12,"column":3}}},"2":{"name":"(anonymous_6)","decl":{"start":{"line":15,"column":2},"end":{"line":15,"column":9}},"loc":{"start":{"line":15,"column":9},"end":{"line":17,"column":3}}},"3":{"name":"(anonymous_7)","decl":{"start":{"line":20,"column":2},"end":{"line":20,"column":9}},"loc":{"start":{"line":20,"column":33},"end":{"line":22,"column":3}}},"4":{"name":"(anonymous_8)","decl":{"start":{"line":25,"column":2},"end":{"line":25,"column":8}},"loc":{"start":{"line":25,"column":63},"end":{"line":27,"column":3}}},"5":{"name":"(anonymous_9)","decl":{"start":{"line":30,"column":2},"end":{"line":30,"column":8}},"loc":{"start":{"line":30,"column":32},"end":{"line":32,"column":3}}}},"branchMap":{},"s":{"0":1,"1":1,"2":1,"3":1,"4":6,"5":1,"6":1,"7":1,"8":1,"9":1,"10":1,"11":1,"12":1,"13":1,"14":1,"15":1,"16":1},"f":{"0":6,"1":1,"2":1,"3":1,"4":1,"5":1},"b":{}}
,"D:\\Projects\\file_watcher_data_pipeline\\src\\api\\client\\client.service.ts": {"path":"D:\\Projects\\file_watcher_data_pipeline\\src\\api\\client\\client.service.ts","statementMap":{"0":{"start":{"line":1,"column":0},"end":{"line":1,"column":44}},"1":{"start":{"line":2,"column":0},"end":{"line":2,"column":60}},"2":{"start":{"line":6,"column":7},"end":{"line":29,"column":null}},"3":{"start":{"line":7,"column":22},"end":{"line":7,"column":30}},"4":{"start":{"line":10,"column":4},"end":{"line":10,"column":54}},"5":{"start":{"line":14,"column":4},"end":{"line":14,"column":41}},"6":{"start":{"line":18,"column":4},"end":{"line":18,"column":38}},"7":{"start":{"line":18,"column":26},"end":{"line":18,"column":38}},"8":{"start":{"line":19,"column":4},"end":{"line":19,"column":115}},"9":{"start":{"line":23,"column":4},"end":{"line":23,"column":117}},"10":{"start":{"line":27,"column":4},"end":{"line":27,"column":111}},"11":{"start":{"line":6,"column":13},"end":{"line":6,"column":26}},"12":{"start":{"line":6,"column":13},"end":{"line":29,"column":null}}},"fnMap":{"0":{"name":"(anonymous_2)","decl":{"start":{"line":7,"column":2},"end":{"line":7,"column":22}},"loc":{"start":{"line":7,"column":43},"end":{"line":7,"column":47}}},"1":{"name":"(anonymous_3)","decl":{"start":{"line":9,"column":2},"end":{"line":9,"column":8}},"loc":{"start":{"line":9,"column":30},"end":{"line":11,"column":3}}},"2":{"name":"(anonymous_4)","decl":{"start":{"line":13,"column":2},"end":{"line":13,"column":9}},"loc":{"start":{"line":13,"column":9},"end":{"line":15,"column":3}}},"3":{"name":"(anonymous_5)","decl":{"start":{"line":17,"column":2},"end":{"line":17,"column":9}},"loc":{"start":{"line":17,"column":17},"end":{"line":20,"column":3}}},"4":{"name":"(anonymous_6)","decl":{"start":{"line":22,"column":2},"end":{"line":22,"column":8}},"loc":{"start":{"line":22,"column":39},"end":{"line":24,"column":3}}},"5":{"name":"(anonymous_7)","decl":{"start":{"line":26,"column":2},"end":{"line":26,"column":8}},"loc":{"start":{"line":26,"column":16},"end":{"line":28,"column":3}}}},"branchMap":{"0":{"loc":{"start":{"line":18,"column":4},"end":{"line":18,"column":38}},"type":"if","locations":[{"start":{"line":18,"column":4},"end":{"line":18,"column":38}},{"start":{},"end":{}}]},"1":{"loc":{"start":{"line":19,"column":56},"end":{"line":19,"column":102}},"type":"cond-expr","locations":[{"start":{"line":19,"column":76},"end":{"line":19,"column":89}},{"start":{"line":19,"column":92},"end":{"line":19,"column":102}}]},"2":{"loc":{"start":{"line":23,"column":52},"end":{"line":23,"column":98}},"type":"cond-expr","locations":[{"start":{"line":23,"column":72},"end":{"line":23,"column":85}},{"start":{"line":23,"column":88},"end":{"line":23,"column":98}}]},"3":{"loc":{"start":{"line":27,"column":52},"end":{"line":27,"column":98}},"type":"cond-expr","locations":[{"start":{"line":27,"column":72},"end":{"line":27,"column":85}},{"start":{"line":27,"column":88},"end":{"line":27,"column":98}}]}},"s":{"0":2,"1":2,"2":2,"3":6,"4":1,"5":1,"6":1,"7":0,"8":1,"9":1,"10":1,"11":2,"12":2},"f":{"0":6,"1":1,"2":1,"3":1,"4":1,"5":1},"b":{"0":[0,1],"1":[0,1],"2":[0,1],"3":[0,1]}}
,"D:\\Projects\\file_watcher_data_pipeline\\src\\api\\department\\department.controller.ts": {"path":"D:\\Projects\\file_watcher_data_pipeline\\src\\api\\department\\department.controller.ts","statementMap":{"0":{"start":{"line":1,"column":0},"end":{"line":1,"column":83}},"1":{"start":{"line":2,"column":0},"end":{"line":2,"column":57}},"2":{"start":{"line":3,"column":0},"end":{"line":3,"column":80}},"3":{"start":{"line":6,"column":7},"end":{"line":33,"column":null}},"4":{"start":{"line":7,"column":31},"end":{"line":7,"column":40}},"5":{"start":{"line":11,"column":4},"end":{"line":11,"column":37}},"6":{"start":{"line":16,"column":4},"end":{"line":16,"column":34}},"7":{"start":{"line":21,"column":4},"end":{"line":21,"column":36}},"8":{"start":{"line":26,"column":4},"end":{"line":26,"column":41}},"9":{"start":{"line":31,"column":4},"end":{"line":31,"column":35}},"10":{"start":{"line":6,"column":13},"end":{"line":6,"column":33}},"11":{"start":{"line":10,"column":2},"end":{"line":12,"column":null}},"12":{"start":{"line":15,"column":2},"end":{"line":17,"column":null}},"13":{"start":{"line":20,"column":2},"end":{"line":22,"column":null}},"14":{"start":{"line":25,"column":2},"end":{"line":27,"column":null}},"15":{"start":{"line":30,"column":2},"end":{"line":32,"column":null}},"16":{"start":{"line":6,"column":13},"end":{"line":33,"column":null}}},"fnMap":{"0":{"name":"(anonymous_4)","decl":{"start":{"line":7,"column":2},"end":{"line":7,"column":31}},"loc":{"start":{"line":7,"column":57},"end":{"line":7,"column":61}}},"1":{"name":"(anonymous_5)","decl":{"start":{"line":10,"column":2},"end":{"line":10,"column":8}},"loc":{"start":{"line":10,"column":42},"end":{"line":12,"column":3}}},"2":{"name":"(anonymous_6)","decl":{"start":{"line":15,"column":2},"end":{"line":15,"column":9}},"loc":{"start":{"line":15,"column":9},"end":{"line":17,"column":3}}},"3":{"name":"(anonymous_7)","decl":{"start":{"line":20,"column":2},"end":{"line":20,"column":9}},"loc":{"start":{"line":20,"column":33},"end":{"line":22,"column":3}}},"4":{"name":"(anonymous_8)","decl":{"start":{"line":25,"column":2},"end":{"line":25,"column":8}},"loc":{"start":{"line":25,"column":67},"end":{"line":27,"column":3}}},"5":{"name":"(anonymous_9)","decl":{"start":{"line":30,"column":2},"end":{"line":30,"column":8}},"loc":{"start":{"line":30,"column":32},"end":{"line":32,"column":3}}}},"branchMap":{},"s":{"0":1,"1":1,"2":1,"3":1,"4":6,"5":1,"6":1,"7":1,"8":1,"9":1,"10":1,"11":1,"12":1,"13":1,"14":1,"15":1,"16":1},"f":{"0":6,"1":1,"2":1,"3":1,"4":1,"5":1},"b":{}}
,"D:\\Projects\\file_watcher_data_pipeline\\src\\api\\department\\department.service.ts": {"path":"D:\\Projects\\file_watcher_data_pipeline\\src\\api\\department\\department.service.ts","statementMap":{"0":{"start":{"line":1,"column":0},"end":{"line":1,"column":44}},"1":{"start":{"line":2,"column":0},"end":{"line":2,"column":60}},"2":{"start":{"line":6,"column":7},"end":{"line":29,"column":null}},"3":{"start":{"line":7,"column":22},"end":{"line":7,"column":30}},"4":{"start":{"line":10,"column":4},"end":{"line":10,"column":58}},"5":{"start":{"line":14,"column":4},"end":{"line":14,"column":45}},"6":{"start":{"line":18,"column":4},"end":{"line":18,"column":38}},"7":{"start":{"line":18,"column":26},"end":{"line":18,"column":38}},"8":{"start":{"line":19,"column":4},"end":{"line":19,"column":119}},"9":{"start":{"line":23,"column":4},"end":{"line":23,"column":121}},"10":{"start":{"line":27,"column":4},"end":{"line":27,"column":115}},"11":{"start":{"line":6,"column":13},"end":{"line":6,"column":30}},"12":{"start":{"line":6,"column":13},"end":{"line":29,"column":null}}},"fnMap":{"0":{"name":"(anonymous_2)","decl":{"start":{"line":7,"column":2},"end":{"line":7,"column":22}},"loc":{"start":{"line":7,"column":43},"end":{"line":7,"column":47}}},"1":{"name":"(anonymous_3)","decl":{"start":{"line":9,"column":2},"end":{"line":9,"column":8}},"loc":{"start":{"line":9,"column":34},"end":{"line":11,"column":3}}},"2":{"name":"(anonymous_4)","decl":{"start":{"line":13,"column":2},"end":{"line":13,"column":9}},"loc":{"start":{"line":13,"column":9},"end":{"line":15,"column":3}}},"3":{"name":"(anonymous_5)","decl":{"start":{"line":17,"column":2},"end":{"line":17,"column":9}},"loc":{"start":{"line":17,"column":17},"end":{"line":20,"column":3}}},"4":{"name":"(anonymous_6)","decl":{"start":{"line":22,"column":2},"end":{"line":22,"column":8}},"loc":{"start":{"line":22,"column":43},"end":{"line":24,"column":3}}},"5":{"name":"(anonymous_7)","decl":{"start":{"line":26,"column":2},"end":{"line":26,"column":8}},"loc":{"start":{"line":26,"column":16},"end":{"line":28,"column":3}}}},"branchMap":{"0":{"loc":{"start":{"line":18,"column":4},"end":{"line":18,"column":38}},"type":"if","locations":[{"start":{"line":18,"column":4},"end":{"line":18,"column":38}},{"start":{},"end":{}}]},"1":{"loc":{"start":{"line":19,"column":60},"end":{"line":19,"column":106}},"type":"cond-expr","locations":[{"start":{"line":19,"column":80},"end":{"line":19,"column":93}},{"start":{"line":19,"column":96},"end":{"line":19,"column":106}}]},"2":{"loc":{"start":{"line":23,"column":56},"end":{"line":23,"column":102}},"type":"cond-expr","locations":[{"start":{"line":23,"column":76},"end":{"line":23,"column":89}},{"start":{"line":23,"column":92},"end":{"line":23,"column":102}}]},"3":{"loc":{"start":{"line":27,"column":56},"end":{"line":27,"column":102}},"type":"cond-expr","locations":[{"start":{"line":27,"column":76},"end":{"line":27,"column":89}},{"start":{"line":27,"column":92},"end":{"line":27,"column":102}}]}},"s":{"0":2,"1":2,"2":2,"3":6,"4":1,"5":1,"6":1,"7":0,"8":1,"9":1,"10":1,"11":2,"12":2},"f":{"0":6,"1":1,"2":1,"3":1,"4":1,"5":1},"b":{"0":[0,1],"1":[0,1],"2":[0,1],"3":[0,1]}}
,"D:\\Projects\\file_watcher_data_pipeline\\src\\api\\file-processing-record\\file-processing-record.controller.ts": {"path":"D:\\Projects\\file_watcher_data_pipeline\\src\\api\\file-processing-record\\file-processing-record.controller.ts","statementMap":{"0":{"start":{"line":1,"column":0},"end":{"line":1,"column":83}},"1":{"start":{"line":2,"column":0},"end":{"line":2,"column":79}},"2":{"start":{"line":3,"column":0},"end":{"line":3,"column":112}},"3":{"start":{"line":6,"column":7},"end":{"line":33,"column":null}},"4":{"start":{"line":7,"column":31},"end":{"line":7,"column":40}},"5":{"start":{"line":11,"column":4},"end":{"line":11,"column":37}},"6":{"start":{"line":16,"column":4},"end":{"line":16,"column":34}},"7":{"start":{"line":21,"column":4},"end":{"line":21,"column":36}},"8":{"start":{"line":26,"column":4},"end":{"line":26,"column":41}},"9":{"start":{"line":31,"column":4},"end":{"line":31,"column":35}},"10":{"start":{"line":6,"column":13},"end":{"line":6,"column":43}},"11":{"start":{"line":10,"column":2},"end":{"line":12,"column":null}},"12":{"start":{"line":15,"column":2},"end":{"line":17,"column":null}},"13":{"start":{"line":20,"column":2},"end":{"line":22,"column":null}},"14":{"start":{"line":25,"column":2},"end":{"line":27,"column":null}},"15":{"start":{"line":30,"column":2},"end":{"line":32,"column":null}},"16":{"start":{"line":6,"column":13},"end":{"line":33,"column":null}}},"fnMap":{"0":{"name":"(anonymous_4)","decl":{"start":{"line":7,"column":2},"end":{"line":7,"column":31}},"loc":{"start":{"line":7,"column":67},"end":{"line":7,"column":71}}},"1":{"name":"(anonymous_5)","decl":{"start":{"line":10,"column":2},"end":{"line":10,"column":8}},"loc":{"start":{"line":10,"column":52},"end":{"line":12,"column":3}}},"2":{"name":"(anonymous_6)","decl":{"start":{"line":15,"column":2},"end":{"line":15,"column":9}},"loc":{"start":{"line":15,"column":9},"end":{"line":17,"column":3}}},"3":{"name":"(anonymous_7)","decl":{"start":{"line":20,"column":2},"end":{"line":20,"column":9}},"loc":{"start":{"line":20,"column":33},"end":{"line":22,"column":3}}},"4":{"name":"(anonymous_8)","decl":{"start":{"line":25,"column":2},"end":{"line":25,"column":8}},"loc":{"start":{"line":25,"column":77},"end":{"line":27,"column":3}}},"5":{"name":"(anonymous_9)","decl":{"start":{"line":30,"column":2},"end":{"line":30,"column":8}},"loc":{"start":{"line":30,"column":32},"end":{"line":32,"column":3}}}},"branchMap":{},"s":{"0":1,"1":1,"2":1,"3":1,"4":6,"5":1,"6":1,"7":1,"8":1,"9":1,"10":1,"11":1,"12":1,"13":1,"14":1,"15":1,"16":1},"f":{"0":6,"1":1,"2":1,"3":1,"4":1,"5":1},"b":{}}
,"D:\\Projects\\file_watcher_data_pipeline\\src\\api\\file-processing-record\\file-processing-record.service.ts": {"path":"D:\\Projects\\file_watcher_data_pipeline\\src\\api\\file-processing-record\\file-processing-record.service.ts","statementMap":{"0":{"start":{"line":1,"column":0},"end":{"line":1,"column":44}},"1":{"start":{"line":2,"column":0},"end":{"line":2,"column":60}},"2":{"start":{"line":6,"column":7},"end":{"line":29,"column":null}},"3":{"start":{"line":7,"column":22},"end":{"line":7,"column":30}},"4":{"start":{"line":10,"column":4},"end":{"line":10,"column":68}},"5":{"start":{"line":14,"column":4},"end":{"line":14,"column":55}},"6":{"start":{"line":18,"column":4},"end":{"line":18,"column":38}},"7":{"start":{"line":18,"column":26},"end":{"line":18,"column":38}},"8":{"start":{"line":19,"column":4},"end":{"line":19,"column":129}},"9":{"start":{"line":23,"column":4},"end":{"line":23,"column":131}},"10":{"start":{"line":27,"column":4},"end":{"line":27,"column":125}},"11":{"start":{"line":6,"column":13},"end":{"line":6,"column":40}},"12":{"start":{"line":6,"column":13},"end":{"line":29,"column":null}}},"fnMap":{"0":{"name":"(anonymous_2)","decl":{"start":{"line":7,"column":2},"end":{"line":7,"column":22}},"loc":{"start":{"line":7,"column":43},"end":{"line":7,"column":47}}},"1":{"name":"(anonymous_3)","decl":{"start":{"line":9,"column":2},"end":{"line":9,"column":8}},"loc":{"start":{"line":9,"column":44},"end":{"line":11,"column":3}}},"2":{"name":"(anonymous_4)","decl":{"start":{"line":13,"column":2},"end":{"line":13,"column":9}},"loc":{"start":{"line":13,"column":9},"end":{"line":15,"column":3}}},"3":{"name":"(anonymous_5)","decl":{"start":{"line":17,"column":2},"end":{"line":17,"column":9}},"loc":{"start":{"line":17,"column":17},"end":{"line":20,"column":3}}},"4":{"name":"(anonymous_6)","decl":{"start":{"line":22,"column":2},"end":{"line":22,"column":8}},"loc":{"start":{"line":22,"column":53},"end":{"line":24,"column":3}}},"5":{"name":"(anonymous_7)","decl":{"start":{"line":26,"column":2},"end":{"line":26,"column":8}},"loc":{"start":{"line":26,"column":16},"end":{"line":28,"column":3}}}},"branchMap":{"0":{"loc":{"start":{"line":18,"column":4},"end":{"line":18,"column":38}},"type":"if","locations":[{"start":{"line":18,"column":4},"end":{"line":18,"column":38}},{"start":{},"end":{}}]},"1":{"loc":{"start":{"line":19,"column":70},"end":{"line":19,"column":116}},"type":"cond-expr","locations":[{"start":{"line":19,"column":90},"end":{"line":19,"column":103}},{"start":{"line":19,"column":106},"end":{"line":19,"column":116}}]},"2":{"loc":{"start":{"line":23,"column":66},"end":{"line":23,"column":112}},"type":"cond-expr","locations":[{"start":{"line":23,"column":86},"end":{"line":23,"column":99}},{"start":{"line":23,"column":102},"end":{"line":23,"column":112}}]},"3":{"loc":{"start":{"line":27,"column":66},"end":{"line":27,"column":112}},"type":"cond-expr","locations":[{"start":{"line":27,"column":86},"end":{"line":27,"column":99}},{"start":{"line":27,"column":102},"end":{"line":27,"column":112}}]}},"s":{"0":2,"1":2,"2":2,"3":6,"4":1,"5":1,"6":1,"7":0,"8":1,"9":1,"10":1,"11":2,"12":2},"f":{"0":6,"1":1,"2":1,"3":1,"4":1,"5":1},"b":{"0":[0,1],"1":[0,1],"2":[0,1],"3":[0,1]}}
,"D:\\Projects\\file_watcher_data_pipeline\\src\\api\\patient\\patient.controller.ts": {"path":"D:\\Projects\\file_watcher_data_pipeline\\src\\api\\patient\\patient.controller.ts","statementMap":{"0":{"start":{"line":1,"column":0},"end":{"line":1,"column":83}},"1":{"start":{"line":2,"column":0},"end":{"line":2,"column":51}},"2":{"start":{"line":3,"column":0},"end":{"line":3,"column":71}},"3":{"start":{"line":6,"column":7},"end":{"line":33,"column":null}},"4":{"start":{"line":7,"column":31},"end":{"line":7,"column":40}},"5":{"start":{"line":11,"column":4},"end":{"line":11,"column":37}},"6":{"start":{"line":16,"column":4},"end":{"line":16,"column":34}},"7":{"start":{"line":21,"column":4},"end":{"line":21,"column":36}},"8":{"start":{"line":26,"column":4},"end":{"line":26,"column":41}},"9":{"start":{"line":31,"column":4},"end":{"line":31,"column":35}},"10":{"start":{"line":6,"column":13},"end":{"line":6,"column":30}},"11":{"start":{"line":10,"column":2},"end":{"line":12,"column":null}},"12":{"start":{"line":15,"column":2},"end":{"line":17,"column":null}},"13":{"start":{"line":20,"column":2},"end":{"line":22,"column":null}},"14":{"start":{"line":25,"column":2},"end":{"line":27,"column":null}},"15":{"start":{"line":30,"column":2},"end":{"line":32,"column":null}},"16":{"start":{"line":6,"column":13},"end":{"line":33,"column":null}}},"fnMap":{"0":{"name":"(anonymous_4)","decl":{"start":{"line":7,"column":2},"end":{"line":7,"column":31}},"loc":{"start":{"line":7,"column":54},"end":{"line":7,"column":58}}},"1":{"name":"(anonymous_5)","decl":{"start":{"line":10,"column":2},"end":{"line":10,"column":8}},"loc":{"start":{"line":10,"column":39},"end":{"line":12,"column":3}}},"2":{"name":"(anonymous_6)","decl":{"start":{"line":15,"column":2},"end":{"line":15,"column":9}},"loc":{"start":{"line":15,"column":9},"end":{"line":17,"column":3}}},"3":{"name":"(anonymous_7)","decl":{"start":{"line":20,"column":2},"end":{"line":20,"column":9}},"loc":{"start":{"line":20,"column":33},"end":{"line":22,"column":3}}},"4":{"name":"(anonymous_8)","decl":{"start":{"line":25,"column":2},"end":{"line":25,"column":8}},"loc":{"start":{"line":25,"column":64},"end":{"line":27,"column":3}}},"5":{"name":"(anonymous_9)","decl":{"start":{"line":30,"column":2},"end":{"line":30,"column":8}},"loc":{"start":{"line":30,"column":32},"end":{"line":32,"column":3}}}},"branchMap":{},"s":{"0":1,"1":1,"2":1,"3":1,"4":6,"5":1,"6":1,"7":1,"8":1,"9":1,"10":1,"11":1,"12":1,"13":1,"14":1,"15":1,"16":1},"f":{"0":6,"1":1,"2":1,"3":1,"4":1,"5":1},"b":{}}
,"D:\\Projects\\file_watcher_data_pipeline\\src\\api\\patient\\patient.service.ts": {"path":"D:\\Projects\\file_watcher_data_pipeline\\src\\api\\patient\\patient.service.ts","statementMap":{"0":{"start":{"line":1,"column":0},"end":{"line":1,"column":44}},"1":{"start":{"line":2,"column":0},"end":{"line":2,"column":60}},"2":{"start":{"line":6,"column":7},"end":{"line":29,"column":null}},"3":{"start":{"line":7,"column":22},"end":{"line":7,"column":30}},"4":{"start":{"line":10,"column":4},"end":{"line":10,"column":55}},"5":{"start":{"line":14,"column":4},"end":{"line":14,"column":42}},"6":{"start":{"line":18,"column":4},"end":{"line":18,"column":38}},"7":{"start":{"line":18,"column":26},"end":{"line":18,"column":38}},"8":{"start":{"line":19,"column":4},"end":{"line":19,"column":116}},"9":{"start":{"line":23,"column":4},"end":{"line":23,"column":118}},"10":{"start":{"line":27,"column":4},"end":{"line":27,"column":112}},"11":{"start":{"line":6,"column":13},"end":{"line":6,"column":27}},"12":{"start":{"line":6,"column":13},"end":{"line":29,"column":null}}},"fnMap":{"0":{"name":"(anonymous_2)","decl":{"start":{"line":7,"column":2},"end":{"line":7,"column":22}},"loc":{"start":{"line":7,"column":43},"end":{"line":7,"column":47}}},"1":{"name":"(anonymous_3)","decl":{"start":{"line":9,"column":2},"end":{"line":9,"column":8}},"loc":{"start":{"line":9,"column":31},"end":{"line":11,"column":3}}},"2":{"name":"(anonymous_4)","decl":{"start":{"line":13,"column":2},"end":{"line":13,"column":9}},"loc":{"start":{"line":13,"column":9},"end":{"line":15,"column":3}}},"3":{"name":"(anonymous_5)","decl":{"start":{"line":17,"column":2},"end":{"line":17,"column":9}},"loc":{"start":{"line":17,"column":17},"end":{"line":20,"column":3}}},"4":{"name":"(anonymous_6)","decl":{"start":{"line":22,"column":2},"end":{"line":22,"column":8}},"loc":{"start":{"line":22,"column":40},"end":{"line":24,"column":3}}},"5":{"name":"(anonymous_7)","decl":{"start":{"line":26,"column":2},"end":{"line":26,"column":8}},"loc":{"start":{"line":26,"column":16},"end":{"line":28,"column":3}}}},"branchMap":{"0":{"loc":{"start":{"line":18,"column":4},"end":{"line":18,"column":38}},"type":"if","locations":[{"start":{"line":18,"column":4},"end":{"line":18,"column":38}},{"start":{},"end":{}}]},"1":{"loc":{"start":{"line":19,"column":57},"end":{"line":19,"column":103}},"type":"cond-expr","locations":[{"start":{"line":19,"column":77},"end":{"line":19,"column":90}},{"start":{"line":19,"column":93},"end":{"line":19,"column":103}}]},"2":{"loc":{"start":{"line":23,"column":53},"end":{"line":23,"column":99}},"type":"cond-expr","locations":[{"start":{"line":23,"column":73},"end":{"line":23,"column":86}},{"start":{"line":23,"column":89},"end":{"line":23,"column":99}}]},"3":{"loc":{"start":{"line":27,"column":53},"end":{"line":27,"column":99}},"type":"cond-expr","locations":[{"start":{"line":27,"column":73},"end":{"line":27,"column":86}},{"start":{"line":27,"column":89},"end":{"line":27,"column":99}}]}},"s":{"0":2,"1":2,"2":2,"3":6,"4":1,"5":1,"6":1,"7":0,"8":1,"9":1,"10":1,"11":2,"12":2},"f":{"0":6,"1":1,"2":1,"3":1,"4":1,"5":1},"b":{"0":[0,1],"1":[0,1],"2":[0,1],"3":[0,1]}}
,"D:\\Projects\\file_watcher_data_pipeline\\src\\common\\filters\\all-exceptions.filter.ts": {"path":"D:\\Projects\\file_watcher_data_pipeline\\src\\common\\filters\\all-exceptions.filter.ts","statementMap":{"0":{"start":{"line":1,"column":0},"end":{"line":1,"column":null}},"1":{"start":{"line":9,"column":0},"end":{"line":9,"column":64}},"2":{"start":{"line":12,"column":7},"end":{"line":46,"column":null}},"3":{"start":{"line":13,"column":31},"end":{"line":13,"column":39}},"4":{"start":{"line":16,"column":16},"end":{"line":16,"column":35}},"5":{"start":{"line":17,"column":21},"end":{"line":17,"column":48}},"6":{"start":{"line":18,"column":20},"end":{"line":18,"column":45}},"7":{"start":{"line":20,"column":17},"end":{"line":20,"column":49}},"8":{"start":{"line":21,"column":18},"end":{"line":21,"column":41}},"9":{"start":{"line":23,"column":4},"end":{"line":29,"column":5}},"10":{"start":{"line":24,"column":6},"end":{"line":24,"column":37}},"11":{"start":{"line":25,"column":18},"end":{"line":25,"column":41}},"12":{"start":{"line":26,"column":6},"end":{"line":26,"column":92}},"13":{"start":{"line":27,"column":11},"end":{"line":29,"column":5}},"14":{"start":{"line":28,"column":6},"end":{"line":28,"column":34}},"15":{"start":{"line":31,"column":26},"end":{"line":36,"column":6}},"16":{"start":{"line":38,"column":4},"end":{"line":42,"column":6}},"17":{"start":{"line":44,"column":4},"end":{"line":44,"column":48}},"18":{"start":{"line":12,"column":13},"end":{"line":12,"column":32}},"19":{"start":{"line":12,"column":13},"end":{"line":46,"column":null}}},"fnMap":{"0":{"name":"(anonymous_2)","decl":{"start":{"line":13,"column":2},"end":{"line":13,"column":31}},"loc":{"start":{"line":13,"column":53},"end":{"line":13,"column":57}}},"1":{"name":"(anonymous_3)","decl":{"start":{"line":15,"column":2},"end":{"line":15,"column":7}},"loc":{"start":{"line":15,"column":47},"end":{"line":45,"column":3}}}},"branchMap":{"0":{"loc":{"start":{"line":23,"column":4},"end":{"line":29,"column":5}},"type":"if","locations":[{"start":{"line":23,"column":4},"end":{"line":29,"column":5}},{"start":{"line":27,"column":11},"end":{"line":29,"column":5}}]},"1":{"loc":{"start":{"line":26,"column":16},"end":{"line":26,"column":91}},"type":"cond-expr","locations":[{"start":{"line":26,"column":42},"end":{"line":26,"column":45}},{"start":{"line":26,"column":49},"end":{"line":26,"column":91}}]},"2":{"loc":{"start":{"line":26,"column":49},"end":{"line":26,"column":91}},"type":"binary-expr","locations":[{"start":{"line":26,"column":49},"end":{"line":26,"column":68}},{"start":{"line":26,"column":72},"end":{"line":26,"column":91}}]},"3":{"loc":{"start":{"line":27,"column":11},"end":{"line":29,"column":5}},"type":"if","locations":[{"start":{"line":27,"column":11},"end":{"line":29,"column":5}},{"start":{},"end":{}}]},"4":{"loc":{"start":{"line":40,"column":6},"end":{"line":40,"column":62}},"type":"cond-expr","locations":[{"start":{"line":40,"column":35},"end":{"line":40,"column":50}},{"start":{"line":40,"column":53},"end":{"line":40,"column":62}}]}},"s":{"0":0,"1":0,"2":0,"3":0,"4":0,"5":0,"6":0,"7":0,"8":0,"9":0,"10":0,"11":0,"12":0,"13":0,"14":0,"15":0,"16":0,"17":0,"18":0,"19":0},"f":{"0":0,"1":0},"b":{"0":[0,0],"1":[0,0],"2":[0,0],"3":[0,0],"4":[0,0]}}
,"D:\\Projects\\file_watcher_data_pipeline\\src\\config\\EnvConfig.ts": {"path":"D:\\Projects\\file_watcher_data_pipeline\\src\\config\\EnvConfig.ts","statementMap":{"0":{"start":{"line":1,"column":0},"end":{"line":1,"column":33}},"1":{"start":{"line":3,"column":0},"end":{"line":3,"column":16}},"2":{"start":{"line":6,"column":47},"end":{"line":6,"column":81}},"3":{"start":{"line":7,"column":50},"end":{"line":7,"column":102}},"4":{"start":{"line":8,"column":55},"end":{"line":8,"column":95}},"5":{"start":{"line":9,"column":54},"end":{"line":9,"column":106}},"6":{"start":{"line":5,"column":0},"end":{"line":5,"column":13}}},"fnMap":{},"branchMap":{"0":{"loc":{"start":{"line":6,"column":47},"end":{"line":6,"column":81}},"type":"binary-expr","locations":[{"start":{"line":6,"column":47},"end":{"line":6,"column":68}},{"start":{"line":6,"column":72},"end":{"line":6,"column":81}}]},"1":{"loc":{"start":{"line":7,"column":50},"end":{"line":7,"column":102}},"type":"binary-expr","locations":[{"start":{"line":7,"column":50},"end":{"line":7,"column":74}},{"start":{"line":7,"column":78},"end":{"line":7,"column":102}}]},"2":{"loc":{"start":{"line":8,"column":55},"end":{"line":8,"column":95}},"type":"binary-expr","locations":[{"start":{"line":8,"column":55},"end":{"line":8,"column":84}},{"start":{"line":8,"column":88},"end":{"line":8,"column":95}}]},"3":{"loc":{"start":{"line":9,"column":63},"end":{"line":9,"column":101}},"type":"binary-expr","locations":[{"start":{"line":9,"column":63},"end":{"line":9,"column":91}},{"start":{"line":9,"column":95},"end":{"line":9,"column":101}}]}},"s":{"0":0,"1":0,"2":0,"3":0,"4":0,"5":0,"6":0},"f":{},"b":{"0":[0,0],"1":[0,0],"2":[0,0],"3":[0,0]}}
,"D:\\Projects\\file_watcher_data_pipeline\\src\\providers\\FileWatcherProvider.ts": {"path":"D:\\Projects\\file_watcher_data_pipeline\\src\\providers\\FileWatcherProvider.ts","statementMap":{"0":{"start":{"line":1,"column":0},"end":{"line":1,"column":58}},"1":{"start":{"line":2,"column":0},"end":{"line":2,"column":37}},"2":{"start":{"line":3,"column":0},"end":{"line":3,"column":25}},"3":{"start":{"line":4,"column":0},"end":{"line":4,"column":42}},"4":{"start":{"line":5,"column":0},"end":{"line":5,"column":29}},"5":{"start":{"line":6,"column":0},"end":{"line":6,"column":48}},"6":{"start":{"line":7,"column":0},"end":{"line":7,"column":64}},"7":{"start":{"line":8,"column":0},"end":{"line":8,"column":50}},"8":{"start":{"line":9,"column":0},"end":{"line":9,"column":64}},"9":{"start":{"line":12,"column":48},"end":{"line":12,"column":50}},"10":{"start":{"line":13,"column":25},"end":{"line":13,"column":30}},"11":{"start":{"line":15,"column":24},"end":{"line":15,"column":46}},"12":{"start":{"line":18,"column":8},"end":{"line":18,"column":30}},"13":{"start":{"line":19,"column":8},"end":{"line":19,"column":27}},"14":{"start":{"line":23,"column":8},"end":{"line":23,"column":63}},"15":{"start":{"line":23,"column":56},"end":{"line":23,"column":63}},"16":{"start":{"line":24,"column":8},"end":{"line":24,"column":31}},"17":{"start":{"line":25,"column":21},"end":{"line":25,"column":39}},"18":{"start":{"line":27,"column":8},"end":{"line":34,"column":9}},"19":{"start":{"line":28,"column":12},"end":{"line":28,"column":35}},"20":{"start":{"line":28,"column":22},"end":{"line":28,"column":35}},"21":{"start":{"line":30,"column":12},"end":{"line":30,"column":65}},"22":{"start":{"line":32,"column":12},"end":{"line":32,"column":36}},"23":{"start":{"line":33,"column":12},"end":{"line":33,"column":31}},"24":{"start":{"line":39,"column":7},"end":{"line":159,"column":null}},"25":{"start":{"line":44,"column":16},"end":{"line":44,"column":34}},"26":{"start":{"line":45,"column":16},"end":{"line":45,"column":24}},"27":{"start":{"line":46,"column":16},"end":{"line":46,"column":34}},"28":{"start":{"line":48,"column":8},"end":{"line":48,"column":53}},"29":{"start":{"line":52,"column":8},"end":{"line":52,"column":28}},"30":{"start":{"line":56,"column":27},"end":{"line":56,"column":57}},"31":{"start":{"line":57,"column":29},"end":{"line":57,"column":61}},"32":{"start":{"line":59,"column":8},"end":{"line":59,"column":82}},"33":{"start":{"line":59,"column":38},"end":{"line":59,"column":82}},"34":{"start":{"line":60,"column":8},"end":{"line":60,"column":86}},"35":{"start":{"line":60,"column":40},"end":{"line":60,"column":86}},"36":{"start":{"line":61,"column":8},"end":{"line":61,"column":90}},"37":{"start":{"line":61,"column":42},"end":{"line":61,"column":90}},"38":{"start":{"line":63,"column":8},"end":{"line":63,"column":44}},"39":{"start":{"line":67,"column":49},"end":{"line":67,"column":58}},"40":{"start":{"line":68,"column":45},"end":{"line":68,"column":78}},"41":{"start":{"line":70,"column":8},"end":{"line":70,"column":77}},"42":{"start":{"line":72,"column":8},"end":{"line":85,"column":11}},"43":{"start":{"line":87,"column":8},"end":{"line":89,"column":11}},"44":{"start":{"line":88,"column":12},"end":{"line":88,"column":113}},"45":{"start":{"line":88,"column":41},"end":{"line":88,"column":111}},"46":{"start":{"line":91,"column":8},"end":{"line":91,"column":90}},"47":{"start":{"line":91,"column":44},"end":{"line":91,"column":88}},"48":{"start":{"line":95,"column":8},"end":{"line":95,"column":57}},"49":{"start":{"line":96,"column":25},"end":{"line":96,"column":48}},"50":{"start":{"line":97,"column":20},"end":{"line":97,"column":56}},"51":{"start":{"line":99,"column":23},"end":{"line":107,"column":9}},"52":{"start":{"line":100,"column":31},"end":{"line":100,"column":61}},"53":{"start":{"line":101,"column":12},"end":{"line":106,"column":13}},"54":{"start":{"line":102,"column":16},"end":{"line":102,"column":62}},"55":{"start":{"line":103,"column":16},"end":{"line":103,"column":70}},"56":{"start":{"line":105,"column":16},"end":{"line":105,"column":94}},"57":{"start":{"line":109,"column":8},"end":{"line":113,"column":9}},"58":{"start":{"line":110,"column":12},"end":{"line":110,"column":98}},"59":{"start":{"line":111,"column":12},"end":{"line":111,"column":37}},"60":{"start":{"line":112,"column":12},"end":{"line":112,"column":19}},"61":{"start":{"line":115,"column":28},"end":{"line":115,"column":29}},"62":{"start":{"line":116,"column":8},"end":{"line":121,"column":9}},"63":{"start":{"line":117,"column":26},"end":{"line":117,"column":57}},"64":{"start":{"line":118,"column":12},"end":{"line":118,"column":39}},"65":{"start":{"line":120,"column":12},"end":{"line":120,"column":78}},"66":{"start":{"line":123,"column":26},"end":{"line":123,"column":43}},"67":{"start":{"line":125,"column":8},"end":{"line":157,"column":9}},"68":{"start":{"line":126,"column":31},"end":{"line":126,"column":74}},"69":{"start":{"line":127,"column":12},"end":{"line":127,"column":71}},"70":{"start":{"line":129,"column":28},"end":{"line":129,"column":45}},"71":{"start":{"line":130,"column":32},"end":{"line":130,"column":51}},"72":{"start":{"line":132,"column":12},"end":{"line":132,"column":97}},"73":{"start":{"line":134,"column":12},"end":{"line":139,"column":15}},"74":{"start":{"line":141,"column":12},"end":{"line":141,"column":39}},"75":{"start":{"line":143,"column":28},"end":{"line":143,"column":45}},"76":{"start":{"line":144,"column":32},"end":{"line":144,"column":51}},"77":{"start":{"line":146,"column":12},"end":{"line":146,"column":84}},"78":{"start":{"line":148,"column":12},"end":{"line":154,"column":15}},"79":{"start":{"line":156,"column":12},"end":{"line":156,"column":37}},"80":{"start":{"line":39,"column":13},"end":{"line":39,"column":32}},"81":{"start":{"line":39,"column":13},"end":{"line":159,"column":null}}},"fnMap":{"0":{"name":"(anonymous_11)","decl":{"start":{"line":15,"column":4},"end":{"line":15,"column":24}},"loc":{"start":{"line":15,"column":46},"end":{"line":15,"column":50}}},"1":{"name":"(anonymous_12)","decl":{"start":{"line":17,"column":11},"end":{"line":17,"column":18}},"loc":{"start":{"line":17,"column":44},"end":{"line":20,"column":5}}},"2":{"name":"(anonymous_13)","decl":{"start":{"line":22,"column":12},"end":{"line":22,"column":17}},"loc":{"start":{"line":22,"column":29},"end":{"line":35,"column":5}}},"3":{"name":"(anonymous_14)","decl":{"start":{"line":43,"column":4},"end":{"line":43,"column":null}},"loc":{"start":{"line":46,"column":50},"end":{"line":49,"column":5}}},"4":{"name":"(anonymous_15)","decl":{"start":{"line":51,"column":4},"end":{"line":51,"column":16}},"loc":{"start":{"line":51,"column":16},"end":{"line":53,"column":5}}},"5":{"name":"(anonymous_16)","decl":{"start":{"line":55,"column":12},"end":{"line":55,"column":29}},"loc":{"start":{"line":55,"column":46},"end":{"line":64,"column":5}}},"6":{"name":"(anonymous_17)","decl":{"start":{"line":66,"column":11},"end":{"line":66,"column":23}},"loc":{"start":{"line":66,"column":23},"end":{"line":92,"column":5}}},"7":{"name":"(anonymous_18)","decl":{"start":{"line":87,"column":31},"end":{"line":87,"column":32}},"loc":{"start":{"line":87,"column":52},"end":{"line":89,"column":9}}},"8":{"name":"(anonymous_19)","decl":{"start":{"line":88,"column":35},"end":{"line":88,"column":38}},"loc":{"start":{"line":88,"column":41},"end":{"line":88,"column":111}}},"9":{"name":"(anonymous_20)","decl":{"start":{"line":91,"column":33},"end":{"line":91,"column":34}},"loc":{"start":{"line":91,"column":44},"end":{"line":91,"column":88}}},"10":{"name":"(anonymous_21)","decl":{"start":{"line":94,"column":12},"end":{"line":94,"column":17}},"loc":{"start":{"line":94,"column":107},"end":{"line":158,"column":5}}},"11":{"name":"(anonymous_22)","decl":{"start":{"line":99,"column":23},"end":{"line":99,"column":28}},"loc":{"start":{"line":99,"column":51},"end":{"line":107,"column":9}}}},"branchMap":{"0":{"loc":{"start":{"line":23,"column":8},"end":{"line":23,"column":63}},"type":"if","locations":[{"start":{"line":23,"column":8},"end":{"line":23,"column":63}},{"start":{},"end":{}}]},"1":{"loc":{"start":{"line":23,"column":12},"end":{"line":23,"column":54}},"type":"binary-expr","locations":[{"start":{"line":23,"column":12},"end":{"line":23,"column":27}},{"start":{"line":23,"column":31},"end":{"line":23,"column":54}}]},"2":{"loc":{"start":{"line":28,"column":12},"end":{"line":28,"column":35}},"type":"if","locations":[{"start":{"line":28,"column":12},"end":{"line":28,"column":35}},{"start":{},"end":{}}]},"3":{"loc":{"start":{"line":59,"column":8},"end":{"line":59,"column":82}},"type":"if","locations":[{"start":{"line":59,"column":8},"end":{"line":59,"column":82}},{"start":{},"end":{}}]},"4":{"loc":{"start":{"line":60,"column":8},"end":{"line":60,"column":86}},"type":"if","locations":[{"start":{"line":60,"column":8},"end":{"line":60,"column":86}},{"start":{},"end":{}}]},"5":{"loc":{"start":{"line":61,"column":8},"end":{"line":61,"column":90}},"type":"if","locations":[{"start":{"line":61,"column":8},"end":{"line":61,"column":90}},{"start":{},"end":{}}]},"6":{"loc":{"start":{"line":109,"column":8},"end":{"line":113,"column":9}},"type":"if","locations":[{"start":{"line":109,"column":8},"end":{"line":113,"column":9}},{"start":{},"end":{}}]}},"s":{"0":0,"1":0,"2":0,"3":0,"4":0,"5":0,"6":0,"7":0,"8":0,"9":0,"10":0,"11":0,"12":0,"13":0,"14":0,"15":0,"16":0,"17":0,"18":0,"19":0,"20":0,"21":0,"22":0,"23":0,"24":0,"25":0,"26":0,"27":0,"28":0,"29":0,"30":0,"31":0,"32":0,"33":0,"34":0,"35":0,"36":0,"37":0,"38":0,"39":0,"40":0,"41":0,"42":0,"43":0,"44":0,"45":0,"46":0,"47":0,"48":0,"49":0,"50":0,"51":0,"52":0,"53":0,"54":0,"55":0,"56":0,"57":0,"58":0,"59":0,"60":0,"61":0,"62":0,"63":0,"64":0,"65":0,"66":0,"67":0,"68":0,"69":0,"70":0,"71":0,"72":0,"73":0,"74":0,"75":0,"76":0,"77":0,"78":0,"79":0,"80":0,"81":0},"f":{"0":0,"1":0,"2":0,"3":0,"4":0,"5":0,"6":0,"7":0,"8":0,"9":0,"10":0,"11":0},"b":{"0":[0,0],"1":[0,0],"2":[0,0],"3":[0,0],"4":[0,0],"5":[0,0],"6":[0,0]}}
,"D:\\Projects\\file_watcher_data_pipeline\\src\\providers\\LoggerProvider.ts": {"path":"D:\\Projects\\file_watcher_data_pipeline\\src\\providers\\LoggerProvider.ts","statementMap":{"0":{"start":{"line":1,"column":0},"end":{"line":1,"column":59}},"1":{"start":{"line":2,"column":0},"end":{"line":2,"column":35}},"2":{"start":{"line":5,"column":7},"end":{"line":48,"column":null}},"3":{"start":{"line":9,"column":8},"end":{"line":25,"column":11}},"4":{"start":{"line":29,"column":8},"end":{"line":29,"column":43}},"5":{"start":{"line":33,"column":8},"end":{"line":33,"column":43}},"6":{"start":{"line":37,"column":8},"end":{"line":37,"column":55}},"7":{"start":{"line":41,"column":8},"end":{"line":41,"column":44}},"8":{"start":{"line":46,"column":8},"end":{"line":46,"column":46}},"9":{"start":{"line":5,"column":13},"end":{"line":5,"column":27}},"10":{"start":{"line":5,"column":13},"end":{"line":48,"column":null}}},"fnMap":{"0":{"name":"(anonymous_11)","decl":{"start":{"line":8,"column":4},"end":{"line":8,"column":null}},"loc":{"start":{"line":8,"column":4},"end":{"line":26,"column":5}}},"1":{"name":"(anonymous_12)","decl":{"start":{"line":28,"column":4},"end":{"line":28,"column":8}},"loc":{"start":{"line":28,"column":40},"end":{"line":30,"column":5}}},"2":{"name":"(anonymous_13)","decl":{"start":{"line":32,"column":4},"end":{"line":32,"column":8}},"loc":{"start":{"line":32,"column":40},"end":{"line":34,"column":5}}},"3":{"name":"(anonymous_14)","decl":{"start":{"line":36,"column":4},"end":{"line":36,"column":9}},"loc":{"start":{"line":36,"column":56},"end":{"line":38,"column":5}}},"4":{"name":"(anonymous_15)","decl":{"start":{"line":40,"column":4},"end":{"line":40,"column":9}},"loc":{"start":{"line":40,"column":41},"end":{"line":42,"column":5}}},"5":{"name":"(anonymous_16)","decl":{"start":{"line":45,"column":4},"end":{"line":45,"column":7}},"loc":{"start":{"line":45,"column":46},"end":{"line":47,"column":5}}}},"branchMap":{},"s":{"0":1,"1":1,"2":1,"3":5,"4":2,"5":1,"6":1,"7":0,"8":1,"9":1,"10":1},"f":{"0":5,"1":2,"2":1,"3":1,"4":0,"5":1},"b":{}}
,"D:\\Projects\\file_watcher_data_pipeline\\src\\repositories\\AppointmentRepository.ts": {"path":"D:\\Projects\\file_watcher_data_pipeline\\src\\repositories\\AppointmentRepository.ts","statementMap":{"0":{"start":{"line":1,"column":0},"end":{"line":1,"column":44}},"1":{"start":{"line":2,"column":0},"end":{"line":2,"column":57}},"2":{"start":{"line":6,"column":7},"end":{"line":189,"column":null}},"3":{"start":{"line":7,"column":24},"end":{"line":7,"column":32}},"4":{"start":{"line":10,"column":26},"end":{"line":10,"column":68}},"5":{"start":{"line":11,"column":8},"end":{"line":13,"column":9}},"6":{"start":{"line":12,"column":12},"end":{"line":12,"column":58}},"7":{"start":{"line":15,"column":8},"end":{"line":185,"column":11}},"8":{"start":{"line":17,"column":12},"end":{"line":28,"column":15}},"9":{"start":{"line":31,"column":12},"end":{"line":56,"column":15}},"10":{"start":{"line":59,"column":12},"end":{"line":98,"column":15}},"11":{"start":{"line":101,"column":12},"end":{"line":122,"column":13}},"12":{"start":{"line":102,"column":16},"end":{"line":121,"column":19}},"13":{"start":{"line":125,"column":111},"end":{"line":125,"column":115}},"14":{"start":{"line":127,"column":12},"end":{"line":143,"column":15}},"15":{"start":{"line":146,"column":12},"end":{"line":166,"column":13}},"16":{"start":{"line":147,"column":16},"end":{"line":165,"column":17}},"17":{"start":{"line":148,"column":37},"end":{"line":148,"column":66}},"18":{"start":{"line":149,"column":20},"end":{"line":164,"column":21}},"19":{"start":{"line":150,"column":24},"end":{"line":163,"column":27}},"20":{"start":{"line":169,"column":12},"end":{"line":184,"column":13}},"21":{"start":{"line":170,"column":16},"end":{"line":183,"column":17}},"22":{"start":{"line":171,"column":20},"end":{"line":182,"column":23}},"23":{"start":{"line":6,"column":13},"end":{"line":6,"column":34}},"24":{"start":{"line":6,"column":13},"end":{"line":189,"column":null}}},"fnMap":{"0":{"name":"(anonymous_2)","decl":{"start":{"line":7,"column":4},"end":{"line":7,"column":24}},"loc":{"start":{"line":7,"column":45},"end":{"line":7,"column":49}}},"1":{"name":"(anonymous_3)","decl":{"start":{"line":9,"column":11},"end":{"line":9,"column":16}},"loc":{"start":{"line":9,"column":63},"end":{"line":186,"column":5}}},"2":{"name":"(anonymous_4)","decl":{"start":{"line":15,"column":39},"end":{"line":15,"column":44}},"loc":{"start":{"line":15,"column":52},"end":{"line":185,"column":9}}}},"branchMap":{"0":{"loc":{"start":{"line":10,"column":26},"end":{"line":10,"column":68}},"type":"binary-expr","locations":[{"start":{"line":10,"column":26},"end":{"line":10,"column":49}},{"start":{"line":10,"column":53},"end":{"line":10,"column":68}}]},"1":{"loc":{"start":{"line":11,"column":8},"end":{"line":13,"column":9}},"type":"if","locations":[{"start":{"line":11,"column":8},"end":{"line":13,"column":9}},{"start":{},"end":{}}]},"2":{"loc":{"start":{"line":101,"column":12},"end":{"line":122,"column":13}},"type":"if","locations":[{"start":{"line":101,"column":12},"end":{"line":122,"column":13}},{"start":{},"end":{}}]},"3":{"loc":{"start":{"line":134,"column":41},"end":{"line":134,"column":94}},"type":"cond-expr","locations":[{"start":{"line":134,"column":64},"end":{"line":134,"column":87}},{"start":{"line":134,"column":90},"end":{"line":134,"column":94}}]},"4":{"loc":{"start":{"line":141,"column":41},"end":{"line":141,"column":94}},"type":"cond-expr","locations":[{"start":{"line":141,"column":64},"end":{"line":141,"column":87}},{"start":{"line":141,"column":90},"end":{"line":141,"column":94}}]},"5":{"loc":{"start":{"line":146,"column":12},"end":{"line":166,"column":13}},"type":"if","locations":[{"start":{"line":146,"column":12},"end":{"line":166,"column":13}},{"start":{},"end":{}}]},"6":{"loc":{"start":{"line":146,"column":16},"end":{"line":146,"column":45}},"type":"binary-expr","locations":[{"start":{"line":146,"column":16},"end":{"line":146,"column":23}},{"start":{"line":146,"column":27},"end":{"line":146,"column":45}}]},"7":{"loc":{"start":{"line":148,"column":37},"end":{"line":148,"column":66}},"type":"binary-expr","locations":[{"start":{"line":148,"column":37},"end":{"line":148,"column":46}},{"start":{"line":148,"column":50},"end":{"line":148,"column":66}}]},"8":{"loc":{"start":{"line":149,"column":20},"end":{"line":164,"column":21}},"type":"if","locations":[{"start":{"line":149,"column":20},"end":{"line":164,"column":21}},{"start":{},"end":{}}]},"9":{"loc":{"start":{"line":169,"column":12},"end":{"line":184,"column":13}},"type":"if","locations":[{"start":{"line":169,"column":12},"end":{"line":184,"column":13}},{"start":{},"end":{}}]},"10":{"loc":{"start":{"line":169,"column":16},"end":{"line":169,"column":53}},"type":"binary-expr","locations":[{"start":{"line":169,"column":16},"end":{"line":169,"column":27}},{"start":{"line":169,"column":31},"end":{"line":169,"column":53}}]}},"s":{"0":1,"1":1,"2":1,"3":0,"4":0,"5":0,"6":0,"7":0,"8":0,"9":0,"10":0,"11":0,"12":0,"13":0,"14":0,"15":0,"16":0,"17":0,"18":0,"19":0,"20":0,"21":0,"22":0,"23":1,"24":1},"f":{"0":0,"1":0,"2":0},"b":{"0":[0,0],"1":[0,0],"2":[0,0],"3":[0,0],"4":[0,0],"5":[0,0],"6":[0,0],"7":[0,0],"8":[0,0],"9":[0,0],"10":[0,0]}}
,"D:\\Projects\\file_watcher_data_pipeline\\src\\repositories\\FileAuditRepository.ts": {"path":"D:\\Projects\\file_watcher_data_pipeline\\src\\repositories\\FileAuditRepository.ts","statementMap":{"0":{"start":{"line":1,"column":0},"end":{"line":1,"column":44}},"1":{"start":{"line":2,"column":0},"end":{"line":2,"column":57}},"2":{"start":{"line":6,"column":7},"end":{"line":22,"column":null}},"3":{"start":{"line":7,"column":24},"end":{"line":7,"column":32}},"4":{"start":{"line":10,"column":8},"end":{"line":18,"column":11}},"5":{"start":{"line":6,"column":13},"end":{"line":6,"column":32}},"6":{"start":{"line":6,"column":13},"end":{"line":22,"column":null}}},"fnMap":{"0":{"name":"(anonymous_2)","decl":{"start":{"line":7,"column":4},"end":{"line":7,"column":24}},"loc":{"start":{"line":7,"column":45},"end":{"line":7,"column":49}}},"1":{"name":"(anonymous_3)","decl":{"start":{"line":9,"column":11},"end":{"line":9,"column":16}},"loc":{"start":{"line":9,"column":66},"end":{"line":19,"column":5}}}},"branchMap":{},"s":{"0":0,"1":0,"2":0,"3":0,"4":0,"5":0,"6":0},"f":{"0":0,"1":0},"b":{}}
,"D:\\Projects\\file_watcher_data_pipeline\\src\\services\\FileAuditService.ts": {"path":"D:\\Projects\\file_watcher_data_pipeline\\src\\services\\FileAuditService.ts","statementMap":{"0":{"start":{"line":1,"column":0},"end":{"line":1,"column":44}},"1":{"start":{"line":2,"column":0},"end":{"line":2,"column":74}},"2":{"start":{"line":6,"column":7},"end":{"line":14,"column":null}},"3":{"start":{"line":8,"column":16},"end":{"line":8,"column":28}},"4":{"start":{"line":12,"column":8},"end":{"line":12,"column":63}},"5":{"start":{"line":6,"column":13},"end":{"line":6,"column":29}},"6":{"start":{"line":6,"column":13},"end":{"line":14,"column":null}}},"fnMap":{"0":{"name":"(anonymous_2)","decl":{"start":{"line":7,"column":4},"end":{"line":7,"column":null}},"loc":{"start":{"line":8,"column":47},"end":{"line":9,"column":8}}},"1":{"name":"(anonymous_3)","decl":{"start":{"line":11,"column":11},"end":{"line":11,"column":16}},"loc":{"start":{"line":11,"column":60},"end":{"line":13,"column":5}}}},"branchMap":{},"s":{"0":0,"1":0,"2":0,"3":0,"4":0,"5":0,"6":0},"f":{"0":0,"1":0},"b":{}}
,"D:\\Projects\\file_watcher_data_pipeline\\src\\services\\IngestionService.ts": {"path":"D:\\Projects\\file_watcher_data_pipeline\\src\\services\\IngestionService.ts","statementMap":{"0":{"start":{"line":1,"column":0},"end":{"line":1,"column":44}},"1":{"start":{"line":2,"column":0},"end":{"line":2,"column":48}},"2":{"start":{"line":3,"column":0},"end":{"line":3,"column":78}},"3":{"start":{"line":6,"column":7},"end":{"line":16,"column":null}},"4":{"start":{"line":8,"column":16},"end":{"line":8,"column":31}},"5":{"start":{"line":9,"column":16},"end":{"line":9,"column":28}},"6":{"start":{"line":13,"column":27},"end":{"line":13,"column":74}},"7":{"start":{"line":14,"column":8},"end":{"line":14,"column":64}},"8":{"start":{"line":6,"column":13},"end":{"line":6,"column":29}},"9":{"start":{"line":6,"column":13},"end":{"line":16,"column":null}}},"fnMap":{"0":{"name":"(anonymous_2)","decl":{"start":{"line":7,"column":4},"end":{"line":7,"column":null}},"loc":{"start":{"line":9,"column":49},"end":{"line":10,"column":8}}},"1":{"name":"(anonymous_3)","decl":{"start":{"line":12,"column":11},"end":{"line":12,"column":16}},"loc":{"start":{"line":12,"column":54},"end":{"line":15,"column":5}}}},"branchMap":{},"s":{"0":1,"1":1,"2":1,"3":1,"4":4,"5":4,"6":3,"7":2,"8":1,"9":1},"f":{"0":4,"1":3},"b":{}}
,"D:\\Projects\\file_watcher_data_pipeline\\src\\services\\ParserService.ts": {"path":"D:\\Projects\\file_watcher_data_pipeline\\src\\services\\ParserService.ts","statementMap":{"0":{"start":{"line":1,"column":0},"end":{"line":1,"column":44}},"1":{"start":{"line":5,"column":7},"end":{"line":25,"column":null}},"2":{"start":{"line":8,"column":8},"end":{"line":12,"column":9}},"3":{"start":{"line":9,"column":12},"end":{"line":9,"column":42}},"4":{"start":{"line":11,"column":12},"end":{"line":11,"column":51}},"5":{"start":{"line":15,"column":29},"end":{"line":15,"column":70}},"6":{"start":{"line":16,"column":8},"end":{"line":20,"column":9}},"7":{"start":{"line":17,"column":12},"end":{"line":19,"column":13}},"8":{"start":{"line":18,"column":16},"end":{"line":18,"column":83}},"9":{"start":{"line":23,"column":8},"end":{"line":23,"column":45}},"10":{"start":{"line":5,"column":13},"end":{"line":5,"column":26}},"11":{"start":{"line":5,"column":13},"end":{"line":25,"column":null}}},"fnMap":{"0":{"name":"(anonymous_1)","decl":{"start":{"line":6,"column":11},"end":{"line":6,"column":27}},"loc":{"start":{"line":6,"column":43},"end":{"line":24,"column":5}}}},"branchMap":{"0":{"loc":{"start":{"line":17,"column":12},"end":{"line":19,"column":13}},"type":"if","locations":[{"start":{"line":17,"column":12},"end":{"line":19,"column":13}},{"start":{},"end":{}}]}},"s":{"0":2,"1":2,"2":3,"3":3,"4":1,"5":2,"6":2,"7":7,"8":1,"9":1,"10":2,"11":2},"f":{"0":3},"b":{"0":[1,6]}}
}
